<?xml version="1.0" encoding="UTF-8"?>
<!-- Generated by org.testng.reporters.JUnitXMLReporter -->
<testsuite ignored="0" hostname="LAPTOP-DBV4PUD5" failures="0" tests="4" name="Default test" time="45.622" errors="0" timestamp="2024-04-27T18:55:22 IST">
  <testcase classname="AmazonTestNg.AmazonTesting" name="Login_to_Amazon" time="5.615"/>
  <testcase classname="AmazonTestNg.AmazonTesting" name="Search_item" time="4.118"/>
  <testcase classname="AmazonTestNg.AmazonTesting" name="verifyTitle" time="0.022"/>
  <testcase classname="AmazonTestNg.AmazonTesting" name="verifyLogo" time="0.196"/>
</testsuite> <!-- Default test -->
